<?xml version="1.0" encoding="UTF-8"?>
<!-- Generated by org.testng.reporters.JUnitXMLReporter -->
<testsuite ignored="0" hostname="Akathiya-Desktop" failures="0" tests="3" name="Default test" time="57.038" errors="0" timestamp="2023-10-26T11:53:06 IST">
  <testcase classname="org.FacebookTest.Facbook" name="password" time="3.96"/>
  <testcase classname="org.FacebookTest.Facbook" name="signUp" time="3.253"/>
  <testcase classname="org.FacebookTest.Facbook" name="login" time="0.452"/>
</testsuite> <!-- Default test -->
