<?xml version="1.0" encoding="UTF-8"?>
<!-- Generated by org.testng.reporters.JUnitXMLReporter -->
<testsuite ignored="0" hostname="Akathiya-Desktop" failures="0" tests="9" name="Test two" time="339.023" errors="0" timestamp="2023-08-01T20:23:23 IST">
  <testcase classname="org.Amazon.AmazonTestNg" name="product" time="4.378"/>
  <testcase classname="org.Amazon.AmazonTestNg" name="product2" time="18.687"/>
  <testcase classname="org.FacebookTest.Facbook" name="password" time="2.335"/>
  <testcase classname="org.FacebookTest.Facbook" name="signUp" time="2.711"/>
  <testcase classname="org.FacebookTest.Facbook" name="login" time="0.31"/>
  <testcase classname="org.Hotel.HotelAdactin" name="tc1" time="2.199"/>
  <testcase classname="org.Hotel.HotelAdactin" name="tc2" time="1.845"/>
  <testcase classname="org.Hotel.HotelAdactin" name="tc3" time="1.46"/>
  <testcase classname="org.Hotel.HotelAdactin" name="tc4" time="6.428"/>
</testsuite> <!-- Test two -->
