<?xml version="1.0" encoding="UTF-8"?>
<testng-results ignored="0" total="2" passed="2" failed="0" skipped="0">
  <reporter-output>
  </reporter-output>
  <suite started-at="2023-10-26T11:57:29 IST" name="Suite" finished-at="2023-10-26T11:58:22 IST" duration-ms="52788">
    <groups>
      <group name="search">
        <method signature="AmazonTestNg.product()[pri:0, instance:org.Amazon.AmazonTestNg@470734c3]" name="product" class="org.Amazon.AmazonTestNg"/>
      </group> <!-- search -->
    </groups>
    <test started-at="2023-10-26T11:57:29 IST" name="Test" finished-at="2023-10-26T11:58:22 IST" duration-ms="52788">
      <class name="org.Amazon.AmazonTestNg">
        <test-method is-config="true" signature="az1()[pri:0, instance:org.Amazon.AmazonTestNg@470734c3]" started-at="2023-10-26T11:57:29 IST" name="az1" finished-at="2023-10-26T11:57:33 IST" duration-ms="4146" status="PASS">
          <reporter-output>
          </reporter-output>
        </test-method> <!-- az1 -->
        <test-method is-config="true" signature="fb3()[pri:0, instance:org.Amazon.AmazonTestNg@470734c3]" started-at="2023-10-26T11:57:33 IST" name="fb3" finished-at="2023-10-26T11:57:43 IST" duration-ms="9829" status="PASS">
          <reporter-output>
          </reporter-output>
        </test-method> <!-- fb3 -->
        <test-method signature="product()[pri:0, instance:org.Amazon.AmazonTestNg@470734c3]" started-at="2023-10-26T11:57:43 IST" name="product" finished-at="2023-10-26T11:57:54 IST" duration-ms="10660" status="PASS">
          <reporter-output>
          </reporter-output>
        </test-method> <!-- product -->
        <test-method is-config="true" signature="fb4()[pri:0, instance:org.Amazon.AmazonTestNg@470734c3]" started-at="2023-10-26T11:57:54 IST" name="fb4" finished-at="2023-10-26T11:57:54 IST" duration-ms="355" status="PASS">
          <reporter-output>
          </reporter-output>
        </test-method> <!-- fb4 -->
        <test-method is-config="true" signature="fb3()[pri:0, instance:org.Amazon.AmazonTestNg@470734c3]" started-at="2023-10-26T11:57:54 IST" name="fb3" finished-at="2023-10-26T11:58:03 IST" duration-ms="8506" status="PASS">
          <reporter-output>
          </reporter-output>
        </test-method> <!-- fb3 -->
        <test-method signature="product2()[pri:0, instance:org.Amazon.AmazonTestNg@470734c3]" started-at="2023-10-26T11:58:03 IST" name="product2" finished-at="2023-10-26T11:58:21 IST" duration-ms="17867" status="PASS">
          <reporter-output>
          </reporter-output>
        </test-method> <!-- product2 -->
        <test-method is-config="true" signature="fb4()[pri:0, instance:org.Amazon.AmazonTestNg@470734c3]" started-at="2023-10-26T11:58:21 IST" name="fb4" finished-at="2023-10-26T11:58:21 IST" duration-ms="642" status="PASS">
          <reporter-output>
          </reporter-output>
        </test-method> <!-- fb4 -->
        <test-method is-config="true" signature="quitAmazon()[pri:0, instance:org.Amazon.AmazonTestNg@470734c3]" started-at="2023-10-26T11:58:21 IST" name="quitAmazon" finished-at="2023-10-26T11:58:22 IST" duration-ms="707" status="PASS">
          <reporter-output>
          </reporter-output>
        </test-method> <!-- quitAmazon -->
      </class> <!-- org.Amazon.AmazonTestNg -->
    </test> <!-- Test -->
  </suite> <!-- Suite -->
</testng-results>
