<?xml version="1.0" encoding="UTF-8"?>
<testng-results ignored="0" total="3" passed="3" failed="0" skipped="0">
  <reporter-output>
  </reporter-output>
  <suite started-at="2023-10-26T11:52:09 IST" name="Default suite" finished-at="2023-10-26T11:53:06 IST" duration-ms="57038">
    <groups>
    </groups>
    <test started-at="2023-10-26T11:52:09 IST" name="Default test" finished-at="2023-10-26T11:53:06 IST" duration-ms="57038">
      <class name="org.FacebookTest.Facbook">
        <test-method is-config="true" signature="ini()[pri:0, instance:org.FacebookTest.Facbook@cecf639]" started-at="2023-10-26T11:52:10 IST" name="ini" finished-at="2023-10-26T11:52:42 IST" duration-ms="32189" status="PASS">
          <reporter-output>
          </reporter-output>
        </test-method> <!-- ini -->
        <test-method is-config="true" signature="fb3()[pri:0, instance:org.FacebookTest.Facbook@cecf639]" started-at="2023-10-26T11:52:42 IST" name="fb3" finished-at="2023-10-26T11:52:50 IST" duration-ms="8172" status="PASS">
          <reporter-output>
          </reporter-output>
        </test-method> <!-- fb3 -->
        <test-method signature="password()[pri:0, instance:org.FacebookTest.Facbook@cecf639]" started-at="2023-10-26T11:52:50 IST" name="password" finished-at="2023-10-26T11:52:54 IST" duration-ms="3960" status="PASS">
          <reporter-output>
          </reporter-output>
        </test-method> <!-- password -->
        <test-method is-config="true" signature="fb4()[pri:0, instance:org.FacebookTest.Facbook@cecf639]" started-at="2023-10-26T11:52:54 IST" name="fb4" finished-at="2023-10-26T11:52:54 IST" duration-ms="306" status="PASS">
          <reporter-output>
          </reporter-output>
        </test-method> <!-- fb4 -->
        <test-method is-config="true" signature="fb3()[pri:0, instance:org.FacebookTest.Facbook@cecf639]" started-at="2023-10-26T11:52:54 IST" name="fb3" finished-at="2023-10-26T11:52:55 IST" duration-ms="847" status="PASS">
          <reporter-output>
          </reporter-output>
        </test-method> <!-- fb3 -->
        <test-method signature="signUp()[pri:1, instance:org.FacebookTest.Facbook@cecf639]" started-at="2023-10-26T11:52:55 IST" name="signUp" finished-at="2023-10-26T11:52:58 IST" duration-ms="3253" status="PASS">
          <reporter-output>
          </reporter-output>
        </test-method> <!-- signUp -->
        <test-method is-config="true" signature="fb4()[pri:0, instance:org.FacebookTest.Facbook@cecf639]" started-at="2023-10-26T11:52:58 IST" name="fb4" finished-at="2023-10-26T11:52:58 IST" duration-ms="127" status="PASS">
          <reporter-output>
          </reporter-output>
        </test-method> <!-- fb4 -->
        <test-method is-config="true" signature="fb3()[pri:0, instance:org.FacebookTest.Facbook@cecf639]" started-at="2023-10-26T11:52:58 IST" name="fb3" finished-at="2023-10-26T11:52:59 IST" duration-ms="1073" status="PASS">
          <reporter-output>
          </reporter-output>
        </test-method> <!-- fb3 -->
        <test-method signature="login()[pri:2, instance:org.FacebookTest.Facbook@cecf639]" started-at="2023-10-26T11:52:59 IST" name="login" finished-at="2023-10-26T11:53:00 IST" duration-ms="452" status="PASS">
          <reporter-output>
          </reporter-output>
        </test-method> <!-- login -->
        <test-method is-config="true" signature="fb4()[pri:0, instance:org.FacebookTest.Facbook@cecf639]" started-at="2023-10-26T11:53:00 IST" name="fb4" finished-at="2023-10-26T11:53:06 IST" duration-ms="5864" status="PASS">
          <reporter-output>
          </reporter-output>
        </test-method> <!-- fb4 -->
        <test-method is-config="true" signature="quitFacebook()[pri:0, instance:org.FacebookTest.Facbook@cecf639]" started-at="2023-10-26T11:53:06 IST" name="quitFacebook" finished-at="2023-10-26T11:53:06 IST" duration-ms="580" status="PASS">
          <reporter-output>
          </reporter-output>
        </test-method> <!-- quitFacebook -->
      </class> <!-- org.FacebookTest.Facbook -->
    </test> <!-- Default test -->
  </suite> <!-- Default suite -->
</testng-results>
